Running: C:\Xilinx\14.7\ISE_DS\ISE\bin\nt64\unwrapped\fuse.exe -intstyle ise -incremental -lib secureip -o C:/MyStuff/College/Universidad Tecnologica de Panama/Year IV/Microprocesadores/ALU/ALU_TB_isim_beh.exe -prj C:/MyStuff/College/Universidad Tecnologica de Panama/Year IV/Microprocesadores/ALU/ALU_TB_beh.prj work.ALU_TB 
ISim P.20131013 (signature 0x7708f090)
Number of CPUs detected in this system: 4
Turning on mult-threading, number of parallel sub-compilation jobs: 8 
Determining compilation order of HDL files
Parsing VHDL file "C:/MyStuff/College/Universidad Tecnologica de Panama/Year IV/Microprocesadores/ALU/ALU_VHDL.vhd" into library work
Parsing VHDL file "C:/MyStuff/College/Universidad Tecnologica de Panama/Year IV/Microprocesadores/ALU/ALU_TB.vhd" into library work
Starting static elaboration
Completed static elaboration
Compiling package standard
Compiling package std_logic_1164
Compiling package std_logic_arith
Compiling package std_logic_unsigned
Compiling package numeric_std
Compiling architecture behavioral of entity ALU [alu_default]
Compiling architecture behavior of entity alu_tb
Time Resolution for simulation is 1ps.
Waiting for 1 sub-compilation(s) to finish...
Compiled 8 VHDL Units
Built simulation executable C:/MyStuff/College/Universidad Tecnologica de Panama/Year IV/Microprocesadores/ALU/ALU_TB_isim_beh.exe
Fuse Memory Usage: 36776 KB
Fuse CPU Usage: 1077 ms
